G:\ORDENAR\VICTOR\PROGRAMS\CURSO OPTATIVO\FINAL TASKMGR\ADMINISTRADOR_TAREAS\ADMINISTRADOR_TAREAS\DEBUG\ADMINISTRADOR_TAREAS.PCH
G:\ORDENAR\VICTOR\PROGRAMS\CURSO OPTATIVO\FINAL TASKMGR\ADMINISTRADOR_TAREAS\ADMINISTRADOR_TAREAS\DEBUG\STDAFX.OBJ
G:\ORDENAR\VICTOR\PROGRAMS\CURSO OPTATIVO\FINAL TASKMGR\ADMINISTRADOR_TAREAS\ADMINISTRADOR_TAREAS\DEBUG\VC110.PDB
G:\ORDENAR\VICTOR\PROGRAMS\CURSO OPTATIVO\FINAL TASKMGR\ADMINISTRADOR_TAREAS\ADMINISTRADOR_TAREAS\DEBUG\ADMINISTRADOR_TAREAS.OBJ
G:\ORDENAR\VICTOR\PROGRAMS\CURSO OPTATIVO\FINAL TASKMGR\ADMINISTRADOR_TAREAS\ADMINISTRADOR_TAREAS\DEBUG\ADMINISTRADOR_TAREASDLG.OBJ
G:\ORDENAR\VICTOR\PROGRAMS\CURSO OPTATIVO\FINAL TASKMGR\ADMINISTRADOR_TAREAS\ADMINISTRADOR_TAREAS\DEBUG\ADVAPI32.OBJ
G:\ORDENAR\VICTOR\PROGRAMS\CURSO OPTATIVO\FINAL TASKMGR\ADMINISTRADOR_TAREAS\ADMINISTRADOR_TAREAS\DEBUG\APLICACION.OBJ
G:\ORDENAR\VICTOR\PROGRAMS\CURSO OPTATIVO\FINAL TASKMGR\ADMINISTRADOR_TAREAS\ADMINISTRADOR_TAREAS\DEBUG\APLICACIONES.OBJ
G:\ORDENAR\VICTOR\PROGRAMS\CURSO OPTATIVO\FINAL TASKMGR\ADMINISTRADOR_TAREAS\ADMINISTRADOR_TAREAS\DEBUG\APPMANAGER.OBJ
G:\ORDENAR\VICTOR\PROGRAMS\CURSO OPTATIVO\FINAL TASKMGR\ADMINISTRADOR_TAREAS\ADMINISTRADOR_TAREAS\DEBUG\HOJAPROPIEDADES.OBJ
G:\ORDENAR\VICTOR\PROGRAMS\CURSO OPTATIVO\FINAL TASKMGR\ADMINISTRADOR_TAREAS\ADMINISTRADOR_TAREAS\DEBUG\KERNEL32.OBJ
G:\ORDENAR\VICTOR\PROGRAMS\CURSO OPTATIVO\FINAL TASKMGR\ADMINISTRADOR_TAREAS\ADMINISTRADOR_TAREAS\DEBUG\NETWORKINFO.OBJ
G:\ORDENAR\VICTOR\PROGRAMS\CURSO OPTATIVO\FINAL TASKMGR\ADMINISTRADOR_TAREAS\ADMINISTRADOR_TAREAS\DEBUG\PERFORMINFO.OBJ
G:\ORDENAR\VICTOR\PROGRAMS\CURSO OPTATIVO\FINAL TASKMGR\ADMINISTRADOR_TAREAS\ADMINISTRADOR_TAREAS\DEBUG\PROCESOBASE.OBJ
G:\ORDENAR\VICTOR\PROGRAMS\CURSO OPTATIVO\FINAL TASKMGR\ADMINISTRADOR_TAREAS\ADMINISTRADOR_TAREAS\DEBUG\PROCESOS.OBJ
G:\ORDENAR\VICTOR\PROGRAMS\CURSO OPTATIVO\FINAL TASKMGR\ADMINISTRADOR_TAREAS\ADMINISTRADOR_TAREAS\DEBUG\PROCESOSSYS.OBJ
G:\ORDENAR\VICTOR\PROGRAMS\CURSO OPTATIVO\FINAL TASKMGR\ADMINISTRADOR_TAREAS\ADMINISTRADOR_TAREAS\DEBUG\PROCMANAGER.OBJ
G:\ORDENAR\VICTOR\PROGRAMS\CURSO OPTATIVO\FINAL TASKMGR\ADMINISTRADOR_TAREAS\ADMINISTRADOR_TAREAS\DEBUG\PSAPIM.OBJ
G:\ORDENAR\VICTOR\PROGRAMS\CURSO OPTATIVO\FINAL TASKMGR\ADMINISTRADOR_TAREAS\ADMINISTRADOR_TAREAS\DEBUG\RED.OBJ
G:\ORDENAR\VICTOR\PROGRAMS\CURSO OPTATIVO\FINAL TASKMGR\ADMINISTRADOR_TAREAS\ADMINISTRADOR_TAREAS\DEBUG\RENDIMIENTO.OBJ
G:\ORDENAR\VICTOR\PROGRAMS\CURSO OPTATIVO\FINAL TASKMGR\ADMINISTRADOR_TAREAS\ADMINISTRADOR_TAREAS\DEBUG\USER32.OBJ
G:\Ordenar\Victor\Programs\Curso Optativo\Final TaskMgr\Administrador_Tareas\Administrador_Tareas\Debug\Administrador_Tareas.obj
G:\Ordenar\Victor\Programs\Curso Optativo\Final TaskMgr\Administrador_Tareas\Administrador_Tareas\Debug\Administrador_TareasDlg.obj
G:\Ordenar\Victor\Programs\Curso Optativo\Final TaskMgr\Administrador_Tareas\Administrador_Tareas\Debug\AdvApi32.obj
G:\Ordenar\Victor\Programs\Curso Optativo\Final TaskMgr\Administrador_Tareas\Administrador_Tareas\Debug\Aplicacion.obj
G:\Ordenar\Victor\Programs\Curso Optativo\Final TaskMgr\Administrador_Tareas\Administrador_Tareas\Debug\Aplicaciones.obj
G:\Ordenar\Victor\Programs\Curso Optativo\Final TaskMgr\Administrador_Tareas\Administrador_Tareas\Debug\AppManager.obj
G:\Ordenar\Victor\Programs\Curso Optativo\Final TaskMgr\Administrador_Tareas\Administrador_Tareas\Debug\HojaPropiedades.obj
G:\Ordenar\Victor\Programs\Curso Optativo\Final TaskMgr\Administrador_Tareas\Administrador_Tareas\Debug\Kernel32.obj
G:\Ordenar\Victor\Programs\Curso Optativo\Final TaskMgr\Administrador_Tareas\Administrador_Tareas\Debug\NetworkInfo.obj
G:\Ordenar\Victor\Programs\Curso Optativo\Final TaskMgr\Administrador_Tareas\Administrador_Tareas\Debug\PerformInfo.obj
G:\Ordenar\Victor\Programs\Curso Optativo\Final TaskMgr\Administrador_Tareas\Administrador_Tareas\Debug\ProcesoBase.obj
G:\Ordenar\Victor\Programs\Curso Optativo\Final TaskMgr\Administrador_Tareas\Administrador_Tareas\Debug\Procesos.obj
G:\Ordenar\Victor\Programs\Curso Optativo\Final TaskMgr\Administrador_Tareas\Administrador_Tareas\Debug\ProcesosSys.obj
G:\Ordenar\Victor\Programs\Curso Optativo\Final TaskMgr\Administrador_Tareas\Administrador_Tareas\Debug\ProcManager.obj
G:\Ordenar\Victor\Programs\Curso Optativo\Final TaskMgr\Administrador_Tareas\Administrador_Tareas\Debug\PsapiM.obj
G:\Ordenar\Victor\Programs\Curso Optativo\Final TaskMgr\Administrador_Tareas\Administrador_Tareas\Debug\Red.obj
G:\Ordenar\Victor\Programs\Curso Optativo\Final TaskMgr\Administrador_Tareas\Administrador_Tareas\Debug\Rendimiento.obj
G:\Ordenar\Victor\Programs\Curso Optativo\Final TaskMgr\Administrador_Tareas\Administrador_Tareas\Debug\stdafx.obj
G:\Ordenar\Victor\Programs\Curso Optativo\Final TaskMgr\Administrador_Tareas\Administrador_Tareas\Debug\User32.obj
G:\Ordenar\Victor\Programs\Curso Optativo\Final TaskMgr\Administrador_Tareas\Administrador_Tareas\Debug\cl.command.1.tlog
G:\Ordenar\Victor\Programs\Curso Optativo\Final TaskMgr\Administrador_Tareas\Administrador_Tareas\Debug\CL.read.1.tlog
G:\Ordenar\Victor\Programs\Curso Optativo\Final TaskMgr\Administrador_Tareas\Administrador_Tareas\Debug\CL.write.1.tlog
G:\Ordenar\Victor\Programs\Curso Optativo\Final TaskMgr\Administrador_Tareas\Administrador_Tareas\Debug\Administrador_Tareas.pch
G:\Ordenar\Victor\Programs\Curso Optativo\Final TaskMgr\Administrador_Tareas\Administrador_Tareas\Debug\vc110.idb
G:\Ordenar\Victor\Programs\Curso Optativo\Final TaskMgr\Administrador_Tareas\Administrador_Tareas\Debug\vc110.pdb
